<?xml version="1.0" encoding="UTF-8" ?>
<testsuite errors="0" failures="0" hostname="PC276066" name="test.Testsquare" skipped="0" tests="1" time="0.302" timestamp="2018-04-02T09:20:06">
  <properties>
[...]
</properties>
  <testcase classname="test.Testsquare" name="squ_fun" time="0.221" />
  <system-out><![CDATA[14:50:06,675 |-INFO in ch.qos.logback.classic.LoggerContext[default] - Could NOT find resource [logback.groovy]
14:50:06,676 |-INFO in ch.qos.logback.classic.LoggerContext[default] - Could NOT find resource [logback-test.xml]
14:50:06,676 |-INFO in ch.qos.logback.classic.LoggerContext[default] - Found resource [logback.xml] at [jar:file:/D:/corbertura/cobertura-2.1.1/cobertura-2.1.1-sources.jar!/logback.xml]
14:50:06,676 |-WARN in ch.qos.logback.classic.LoggerContext[default] - Resource [logback.xml] occurs multiple times on the classpath.
14:50:06,676 |-WARN in ch.qos.logback.classic.LoggerContext[default] - Resource [logback.xml] occurs at [jar:file:/D:/corbertura/cobertura-2.1.1/cobertura-2.1.1-sources.jar!/logback.xml]
14:50:06,676 |-WARN in ch.qos.logback.classic.LoggerContext[default] - Resource [logback.xml] occurs at [jar:file:/D:/corbertura/cobertura-2.1.1/cobertura-2.1.1.jar!/logback.xml]
14:50:06,697 |-INFO in ch.qos.logback.core.joran.spi.ConfigurationWatchList@69d9c55 - URL [jar:file:/D:/corbertura/cobertura-2.1.1/cobertura-2.1.1-sources.jar!/logback.xml] is not of type file
14:50:06,748 |-INFO in ch.qos.logback.classic.joran.action.ConfigurationAction - debug attribute not set
14:50:06,752 |-INFO in ch.qos.logback.core.joran.action.AppenderAction - About to instantiate appender of type [ch.qos.logback.core.ConsoleAppender]
14:50:06,762 |-INFO in ch.qos.logback.core.joran.action.AppenderAction - Naming appender as [STDOUT]
14:50:06,783 |-INFO in ch.qos.logback.core.joran.action.NestedComplexPropertyIA - Assuming default type [ch.qos.logback.classic.encoder.PatternLayoutEncoder] for [encoder] property
14:50:06,826 |-INFO in ch.qos.logback.classic.joran.action.LoggerAction - Setting level of logger [net.sourceforge.cobertura] to INFO
14:50:06,826 |-INFO in ch.qos.logback.classic.joran.action.RootLoggerAction - Setting level of ROOT logger to DEBUG
14:50:06,826 |-INFO in ch.qos.logback.core.joran.action.AppenderRefAction - Attaching appender named [STDOUT] to Logger[ROOT]
14:50:06,827 |-INFO in ch.qos.logback.classic.joran.action.ConfigurationAction - End of configuration.
14:50:06,828 |-INFO in ch.qos.logback.classic.joran.JoranConfigurator@13a57a3b - Registering current configuration as safe fallback point

]]></system-out>
  <system-err><![CDATA[]]></system-err>
</testsuite>
